[2m2023-05-13 22:28:08.325[0;39m [32m INFO[0;39m [35m10584[0;39m [2m---[0;39m [2m[  restartedMain][0;39m [36mc.t.b.BankingApplication                [0;39m [2m:[0;39m Starting BankingApplication using Java 17.0.2 with PID 10584 (C:\Users\Talha Shan\IdeasProject\BankingApplication\target\classes started by Talha Shan in C:\Users\Talha Shan\IdeasProject\BankingApplication)
[2m2023-05-13 22:28:08.328[0;39m [32m INFO[0;39m [35m10584[0;39m [2m---[0;39m [2m[  restartedMain][0;39m [36mc.t.b.BankingApplication                [0;39m [2m:[0;39m No active profile set, falling back to 1 default profile: "default"
[2m2023-05-13 22:28:08.400[0;39m [32m INFO[0;39m [35m10584[0;39m [2m---[0;39m [2m[  restartedMain][0;39m [36m.e.DevToolsPropertyDefaultsPostProcessor[0;39m [2m:[0;39m Devtools property defaults active! Set 'spring.devtools.add-properties' to 'false' to disable
[2m2023-05-13 22:28:08.401[0;39m [32m INFO[0;39m [35m10584[0;39m [2m---[0;39m [2m[  restartedMain][0;39m [36m.e.DevToolsPropertyDefaultsPostProcessor[0;39m [2m:[0;39m For additional web related logging consider setting the 'logging.level.web' property to 'DEBUG'
[2m2023-05-13 22:28:09.141[0;39m [32m INFO[0;39m [35m10584[0;39m [2m---[0;39m [2m[  restartedMain][0;39m [36m.s.d.r.c.RepositoryConfigurationDelegate[0;39m [2m:[0;39m Bootstrapping Spring Data JPA repositories in DEFAULT mode.
[2m2023-05-13 22:28:09.200[0;39m [32m INFO[0;39m [35m10584[0;39m [2m---[0;39m [2m[  restartedMain][0;39m [36m.s.d.r.c.RepositoryConfigurationDelegate[0;39m [2m:[0;39m Finished Spring Data repository scanning in 51 ms. Found 2 JPA repository interfaces.
[2m2023-05-13 22:28:09.728[0;39m [32m INFO[0;39m [35m10584[0;39m [2m---[0;39m [2m[  restartedMain][0;39m [36mo.s.b.w.embedded.tomcat.TomcatWebServer [0;39m [2m:[0;39m Tomcat initialized with port(s): 8080 (http)
[2m2023-05-13 22:28:09.737[0;39m [32m INFO[0;39m [35m10584[0;39m [2m---[0;39m [2m[  restartedMain][0;39m [36mo.apache.catalina.core.StandardService  [0;39m [2m:[0;39m Starting service [Tomcat]
[2m2023-05-13 22:28:09.737[0;39m [32m INFO[0;39m [35m10584[0;39m [2m---[0;39m [2m[  restartedMain][0;39m [36mo.apache.catalina.core.StandardEngine   [0;39m [2m:[0;39m Starting Servlet engine: [Apache Tomcat/10.1.8]
[2m2023-05-13 22:28:09.795[0;39m [32m INFO[0;39m [35m10584[0;39m [2m---[0;39m [2m[  restartedMain][0;39m [36mo.a.c.c.C.[Tomcat].[localhost].[/]      [0;39m [2m:[0;39m Initializing Spring embedded WebApplicationContext
[2m2023-05-13 22:28:09.796[0;39m [32m INFO[0;39m [35m10584[0;39m [2m---[0;39m [2m[  restartedMain][0;39m [36mw.s.c.ServletWebServerApplicationContext[0;39m [2m:[0;39m Root WebApplicationContext: initialization completed in 1394 ms
[2m2023-05-13 22:28:09.904[0;39m [32m INFO[0;39m [35m10584[0;39m [2m---[0;39m [2m[  restartedMain][0;39m [36mcom.zaxxer.hikari.HikariDataSource      [0;39m [2m:[0;39m HikariPool-1 - Starting...
[2m2023-05-13 22:28:10.165[0;39m [32m INFO[0;39m [35m10584[0;39m [2m---[0;39m [2m[  restartedMain][0;39m [36mcom.zaxxer.hikari.pool.HikariPool       [0;39m [2m:[0;39m HikariPool-1 - Added connection com.mysql.cj.jdbc.ConnectionImpl@392f98f9
[2m2023-05-13 22:28:10.167[0;39m [32m INFO[0;39m [35m10584[0;39m [2m---[0;39m [2m[  restartedMain][0;39m [36mcom.zaxxer.hikari.HikariDataSource      [0;39m [2m:[0;39m HikariPool-1 - Start completed.
[2m2023-05-13 22:28:10.557[0;39m [32m INFO[0;39m [35m10584[0;39m [2m---[0;39m [2m[  restartedMain][0;39m [36mliquibase.lockservice                   [0;39m [2m:[0;39m Successfully acquired change log lock
[2m2023-05-13 22:28:10.736[0;39m [32m INFO[0;39m [35m10584[0;39m [2m---[0;39m [2m[  restartedMain][0;39m [36mliquibase.lockservice                   [0;39m [2m:[0;39m Successfully released change log lock
[2m2023-05-13 22:28:10.744[0;39m [33m WARN[0;39m [35m10584[0;39m [2m---[0;39m [2m[  restartedMain][0;39m [36mConfigServletWebServerApplicationContext[0;39m [2m:[0;39m Exception encountered during context initialization - cancelling refresh attempt: org.springframework.beans.factory.BeanCreationException: Error creating bean with name 'liquibase' defined in class path resource [org/springframework/boot/autoconfigure/liquibase/LiquibaseAutoConfiguration$LiquibaseConfiguration.class]: liquibase.exception.SetupException: The file db/changelog/db.changelog-0.1.xml was not found in the configured search path:
    - Spring classpath
More locations can be added with the 'searchPath' parameter.
[2m2023-05-13 22:28:10.745[0;39m [32m INFO[0;39m [35m10584[0;39m [2m---[0;39m [2m[  restartedMain][0;39m [36mcom.zaxxer.hikari.HikariDataSource      [0;39m [2m:[0;39m HikariPool-1 - Shutdown initiated...
[2m2023-05-13 22:28:10.753[0;39m [32m INFO[0;39m [35m10584[0;39m [2m---[0;39m [2m[  restartedMain][0;39m [36mcom.zaxxer.hikari.HikariDataSource      [0;39m [2m:[0;39m HikariPool-1 - Shutdown completed.
[2m2023-05-13 22:28:10.758[0;39m [32m INFO[0;39m [35m10584[0;39m [2m---[0;39m [2m[  restartedMain][0;39m [36mo.apache.catalina.core.StandardService  [0;39m [2m:[0;39m Stopping service [Tomcat]
[2m2023-05-13 22:28:10.773[0;39m [32m INFO[0;39m [35m10584[0;39m [2m---[0;39m [2m[  restartedMain][0;39m [36m.s.b.a.l.ConditionEvaluationReportLogger[0;39m [2m:[0;39m 

Error starting ApplicationContext. To display the condition evaluation report re-run your application with 'debug' enabled.
[2m2023-05-13 22:28:10.795[0;39m [31mERROR[0;39m [35m10584[0;39m [2m---[0;39m [2m[  restartedMain][0;39m [36mo.s.boot.SpringApplication              [0;39m [2m:[0;39m Application run failed

org.springframework.beans.factory.BeanCreationException: Error creating bean with name 'liquibase' defined in class path resource [org/springframework/boot/autoconfigure/liquibase/LiquibaseAutoConfiguration$LiquibaseConfiguration.class]: liquibase.exception.SetupException: The file db/changelog/db.changelog-0.1.xml was not found in the configured search path:
    - Spring classpath
More locations can be added with the 'searchPath' parameter.
	at org.springframework.beans.factory.support.AbstractAutowireCapableBeanFactory.initializeBean(AbstractAutowireCapableBeanFactory.java:1770)
	at org.springframework.beans.factory.support.AbstractAutowireCapableBeanFactory.doCreateBean(AbstractAutowireCapableBeanFactory.java:598)
	at org.springframework.beans.factory.support.AbstractAutowireCapableBeanFactory.createBean(AbstractAutowireCapableBeanFactory.java:520)
	at org.springframework.beans.factory.support.AbstractBeanFactory.lambda$doGetBean$0(AbstractBeanFactory.java:326)
	at org.springframework.beans.factory.support.DefaultSingletonBeanRegistry.getSingleton(DefaultSingletonBeanRegistry.java:234)
	at org.springframework.beans.factory.support.AbstractBeanFactory.doGetBean(AbstractBeanFactory.java:324)
	at org.springframework.beans.factory.support.AbstractBeanFactory.getBean(AbstractBeanFactory.java:200)
	at org.springframework.beans.factory.support.AbstractBeanFactory.doGetBean(AbstractBeanFactory.java:313)
	at org.springframework.beans.factory.support.AbstractBeanFactory.getBean(AbstractBeanFactory.java:200)
	at org.springframework.context.support.AbstractApplicationContext.getBean(AbstractApplicationContext.java:1132)
	at org.springframework.context.support.AbstractApplicationContext.finishBeanFactoryInitialization(AbstractApplicationContext.java:907)
	at org.springframework.context.support.AbstractApplicationContext.refresh(AbstractApplicationContext.java:584)
	at org.springframework.boot.web.servlet.context.ServletWebServerApplicationContext.refresh(ServletWebServerApplicationContext.java:146)
	at org.springframework.boot.SpringApplication.refresh(SpringApplication.java:732)
	at org.springframework.boot.SpringApplication.refreshContext(SpringApplication.java:434)
	at org.springframework.boot.SpringApplication.run(SpringApplication.java:310)
	at org.springframework.boot.SpringApplication.run(SpringApplication.java:1304)
	at org.springframework.boot.SpringApplication.run(SpringApplication.java:1293)
	at BankingApplication.main(BankingApplication.java:10)
	at java.base/jdk.internal.reflect.NativeMethodAccessorImpl.invoke0(Native Method)
	at java.base/jdk.internal.reflect.NativeMethodAccessorImpl.invoke(NativeMethodAccessorImpl.java:77)
	at java.base/jdk.internal.reflect.DelegatingMethodAccessorImpl.invoke(DelegatingMethodAccessorImpl.java:43)
	at java.base/java.lang.reflect.Method.invoke(Method.java:568)
	at org.springframework.boot.devtools.restart.RestartLauncher.run(RestartLauncher.java:49)
Caused by: liquibase.exception.ChangeLogParseException: liquibase.exception.SetupException: The file db/changelog/db.changelog-0.1.xml was not found in the configured search path:
    - Spring classpath
More locations can be added with the 'searchPath' parameter.
	at liquibase.parser.core.xml.AbstractChangeLogParser.parse(AbstractChangeLogParser.java:25)
	at liquibase.Liquibase.getDatabaseChangeLog(Liquibase.java:408)
	at liquibase.Liquibase.getDatabaseChangeLog(Liquibase.java:393)
	at liquibase.Liquibase.lambda$update$1(Liquibase.java:249)
	at liquibase.Scope.lambda$child$0(Scope.java:180)
	at liquibase.Scope.child(Scope.java:189)
	at liquibase.Scope.child(Scope.java:179)
	at liquibase.Scope.child(Scope.java:158)
	at liquibase.Liquibase.runInScope(Liquibase.java:2447)
	at liquibase.Liquibase.update(Liquibase.java:236)
	at liquibase.Liquibase.update(Liquibase.java:221)
	at liquibase.integration.spring.SpringLiquibase.performUpdate(SpringLiquibase.java:328)
	at liquibase.integration.spring.SpringLiquibase.afterPropertiesSet(SpringLiquibase.java:283)
	at org.springframework.beans.factory.support.AbstractAutowireCapableBeanFactory.invokeInitMethods(AbstractAutowireCapableBeanFactory.java:1816)
	at org.springframework.beans.factory.support.AbstractAutowireCapableBeanFactory.initializeBean(AbstractAutowireCapableBeanFactory.java:1766)
	... 23 common frames omitted
Caused by: liquibase.exception.SetupException: The file db/changelog/db.changelog-0.1.xml was not found in the configured search path:
    - Spring classpath
More locations can be added with the 'searchPath' parameter.
	at liquibase.changelog.DatabaseChangeLog.handleChildNode(DatabaseChangeLog.java:419)
	at liquibase.changelog.DatabaseChangeLog.load(DatabaseChangeLog.java:364)
	at liquibase.parser.core.xml.AbstractChangeLogParser.parse(AbstractChangeLogParser.java:23)
	... 37 common frames omitted
Caused by: liquibase.exception.ChangeLogParseException: The file db/changelog/db.changelog-0.1.xml was not found in the configured search path:
    - Spring classpath
More locations can be added with the 'searchPath' parameter.
	at liquibase.parser.core.xml.XMLChangeLogSAXParser.parseToNode(XMLChangeLogSAXParser.java:114)
	at liquibase.parser.core.xml.AbstractChangeLogParser.parse(AbstractChangeLogParser.java:15)
	at liquibase.changelog.DatabaseChangeLog.include(DatabaseChangeLog.java:717)
	at liquibase.changelog.DatabaseChangeLog.handleChildNode(DatabaseChangeLog.java:411)
	... 39 common frames omitted

[2m2023-05-13 22:36:46.319[0;39m [32m INFO[0;39m [35m17928[0;39m [2m---[0;39m [2m[  restartedMain][0;39m [36mc.t.b.BankingApplication                [0;39m [2m:[0;39m Starting BankingApplication using Java 17.0.2 with PID 17928 (C:\Users\Talha Shan\IdeasProject\BankingApplication\target\classes started by Talha Shan in C:\Users\Talha Shan\IdeasProject\BankingApplication)
[2m2023-05-13 22:36:46.325[0;39m [32m INFO[0;39m [35m17928[0;39m [2m---[0;39m [2m[  restartedMain][0;39m [36mc.t.b.BankingApplication                [0;39m [2m:[0;39m No active profile set, falling back to 1 default profile: "default"
[2m2023-05-13 22:36:46.406[0;39m [32m INFO[0;39m [35m17928[0;39m [2m---[0;39m [2m[  restartedMain][0;39m [36m.e.DevToolsPropertyDefaultsPostProcessor[0;39m [2m:[0;39m Devtools property defaults active! Set 'spring.devtools.add-properties' to 'false' to disable
[2m2023-05-13 22:36:46.408[0;39m [32m INFO[0;39m [35m17928[0;39m [2m---[0;39m [2m[  restartedMain][0;39m [36m.e.DevToolsPropertyDefaultsPostProcessor[0;39m [2m:[0;39m For additional web related logging consider setting the 'logging.level.web' property to 'DEBUG'
[2m2023-05-13 22:36:47.164[0;39m [32m INFO[0;39m [35m17928[0;39m [2m---[0;39m [2m[  restartedMain][0;39m [36m.s.d.r.c.RepositoryConfigurationDelegate[0;39m [2m:[0;39m Bootstrapping Spring Data JPA repositories in DEFAULT mode.
[2m2023-05-13 22:36:47.232[0;39m [32m INFO[0;39m [35m17928[0;39m [2m---[0;39m [2m[  restartedMain][0;39m [36m.s.d.r.c.RepositoryConfigurationDelegate[0;39m [2m:[0;39m Finished Spring Data repository scanning in 60 ms. Found 2 JPA repository interfaces.
[2m2023-05-13 22:36:47.761[0;39m [32m INFO[0;39m [35m17928[0;39m [2m---[0;39m [2m[  restartedMain][0;39m [36mo.s.b.w.embedded.tomcat.TomcatWebServer [0;39m [2m:[0;39m Tomcat initialized with port(s): 8080 (http)
[2m2023-05-13 22:36:47.772[0;39m [32m INFO[0;39m [35m17928[0;39m [2m---[0;39m [2m[  restartedMain][0;39m [36mo.apache.catalina.core.StandardService  [0;39m [2m:[0;39m Starting service [Tomcat]
[2m2023-05-13 22:36:47.772[0;39m [32m INFO[0;39m [35m17928[0;39m [2m---[0;39m [2m[  restartedMain][0;39m [36mo.apache.catalina.core.StandardEngine   [0;39m [2m:[0;39m Starting Servlet engine: [Apache Tomcat/10.1.8]
[2m2023-05-13 22:36:47.832[0;39m [32m INFO[0;39m [35m17928[0;39m [2m---[0;39m [2m[  restartedMain][0;39m [36mo.a.c.c.C.[Tomcat].[localhost].[/]      [0;39m [2m:[0;39m Initializing Spring embedded WebApplicationContext
[2m2023-05-13 22:36:47.833[0;39m [32m INFO[0;39m [35m17928[0;39m [2m---[0;39m [2m[  restartedMain][0;39m [36mw.s.c.ServletWebServerApplicationContext[0;39m [2m:[0;39m Root WebApplicationContext: initialization completed in 1423 ms
[2m2023-05-13 22:36:47.979[0;39m [32m INFO[0;39m [35m17928[0;39m [2m---[0;39m [2m[  restartedMain][0;39m [36mcom.zaxxer.hikari.HikariDataSource      [0;39m [2m:[0;39m HikariPool-1 - Starting...
[2m2023-05-13 22:36:48.363[0;39m [32m INFO[0;39m [35m17928[0;39m [2m---[0;39m [2m[  restartedMain][0;39m [36mcom.zaxxer.hikari.pool.HikariPool       [0;39m [2m:[0;39m HikariPool-1 - Added connection com.mysql.cj.jdbc.ConnectionImpl@4beb773a
[2m2023-05-13 22:36:48.365[0;39m [32m INFO[0;39m [35m17928[0;39m [2m---[0;39m [2m[  restartedMain][0;39m [36mcom.zaxxer.hikari.HikariDataSource      [0;39m [2m:[0;39m HikariPool-1 - Start completed.
[2m2023-05-13 22:36:48.666[0;39m [32m INFO[0;39m [35m17928[0;39m [2m---[0;39m [2m[  restartedMain][0;39m [36mliquibase.lockservice                   [0;39m [2m:[0;39m Successfully acquired change log lock
[2m2023-05-13 22:36:48.832[0;39m [32m INFO[0;39m [35m17928[0;39m [2m---[0;39m [2m[  restartedMain][0;39m [36mliquibase.changelog                     [0;39m [2m:[0;39m Creating database history table with name: banking.DATABASECHANGELOG
[2m2023-05-13 22:36:48.969[0;39m [32m INFO[0;39m [35m17928[0;39m [2m---[0;39m [2m[  restartedMain][0;39m [36mliquibase.changelog                     [0;39m [2m:[0;39m Reading from banking.DATABASECHANGELOG
[2m2023-05-13 22:36:49.065[0;39m [32m INFO[0;39m [35m17928[0;39m [2m---[0;39m [2m[  restartedMain][0;39m [36mliquibase.lockservice                   [0;39m [2m:[0;39m Successfully released change log lock
[2m2023-05-13 22:36:49.135[0;39m [32m INFO[0;39m [35m17928[0;39m [2m---[0;39m [2m[  restartedMain][0;39m [36mo.hibernate.jpa.internal.util.LogHelper [0;39m [2m:[0;39m HHH000204: Processing PersistenceUnitInfo [name: default]
[2m2023-05-13 22:36:49.199[0;39m [32m INFO[0;39m [35m17928[0;39m [2m---[0;39m [2m[  restartedMain][0;39m [36morg.hibernate.Version                   [0;39m [2m:[0;39m HHH000412: Hibernate ORM core version 6.1.7.Final
[2m2023-05-13 22:36:49.474[0;39m [32m INFO[0;39m [35m17928[0;39m [2m---[0;39m [2m[  restartedMain][0;39m [36mSQL dialect                             [0;39m [2m:[0;39m HHH000400: Using dialect: org.hibernate.dialect.MySQL8Dialect
[2m2023-05-13 22:36:49.476[0;39m [33m WARN[0;39m [35m17928[0;39m [2m---[0;39m [2m[  restartedMain][0;39m [36morg.hibernate.orm.deprecation           [0;39m [2m:[0;39m HHH90000026: MySQL8Dialect has been deprecated; use org.hibernate.dialect.MySQLDialect instead
[2m2023-05-13 22:36:50.232[0;39m [32m INFO[0;39m [35m17928[0;39m [2m---[0;39m [2m[  restartedMain][0;39m [36mo.h.e.t.j.p.i.JtaPlatformInitiator      [0;39m [2m:[0;39m HHH000490: Using JtaPlatform implementation: [org.hibernate.engine.transaction.jta.platform.internal.NoJtaPlatform]
[2m2023-05-13 22:36:50.241[0;39m [32m INFO[0;39m [35m17928[0;39m [2m---[0;39m [2m[  restartedMain][0;39m [36mj.LocalContainerEntityManagerFactoryBean[0;39m [2m:[0;39m Initialized JPA EntityManagerFactory for persistence unit 'default'
[2m2023-05-13 22:36:50.615[0;39m [33m WARN[0;39m [35m17928[0;39m [2m---[0;39m [2m[  restartedMain][0;39m [36mJpaBaseConfiguration$JpaWebConfiguration[0;39m [2m:[0;39m spring.jpa.open-in-view is enabled by default. Therefore, database queries may be performed during view rendering. Explicitly configure spring.jpa.open-in-view to disable this warning
[2m2023-05-13 22:36:50.903[0;39m [32m INFO[0;39m [35m17928[0;39m [2m---[0;39m [2m[  restartedMain][0;39m [36mo.s.b.d.a.OptionalLiveReloadServer      [0;39m [2m:[0;39m LiveReload server is running on port 35729
[2m2023-05-13 22:36:50.948[0;39m [32m INFO[0;39m [35m17928[0;39m [2m---[0;39m [2m[  restartedMain][0;39m [36mo.s.b.w.embedded.tomcat.TomcatWebServer [0;39m [2m:[0;39m Tomcat started on port(s): 8080 (http) with context path ''
[2m2023-05-13 22:36:50.956[0;39m [32m INFO[0;39m [35m17928[0;39m [2m---[0;39m [2m[  restartedMain][0;39m [36mc.t.b.BankingApplication                [0;39m [2m:[0;39m Started BankingApplication in 5.654 seconds (process running for 7.185)
[2m2023-05-13 22:37:26.710[0;39m [32m INFO[0;39m [35m17928[0;39m [2m---[0;39m [2m[ionShutdownHook][0;39m [36mj.LocalContainerEntityManagerFactoryBean[0;39m [2m:[0;39m Closing JPA EntityManagerFactory for persistence unit 'default'
[2m2023-05-13 22:37:26.717[0;39m [32m INFO[0;39m [35m17928[0;39m [2m---[0;39m [2m[ionShutdownHook][0;39m [36mcom.zaxxer.hikari.HikariDataSource      [0;39m [2m:[0;39m HikariPool-1 - Shutdown initiated...
[2m2023-05-13 22:37:26.725[0;39m [32m INFO[0;39m [35m17928[0;39m [2m---[0;39m [2m[ionShutdownHook][0;39m [36mcom.zaxxer.hikari.HikariDataSource      [0;39m [2m:[0;39m HikariPool-1 - Shutdown completed.
[2m2023-05-13 22:37:30.157[0;39m [32m INFO[0;39m [35m5360[0;39m [2m---[0;39m [2m[  restartedMain][0;39m [36mc.t.b.BankingApplication                [0;39m [2m:[0;39m Starting BankingApplication using Java 17.0.2 with PID 5360 (C:\Users\Talha Shan\IdeasProject\BankingApplication\target\classes started by Talha Shan in C:\Users\Talha Shan\IdeasProject\BankingApplication)
[2m2023-05-13 22:37:30.160[0;39m [32m INFO[0;39m [35m5360[0;39m [2m---[0;39m [2m[  restartedMain][0;39m [36mc.t.b.BankingApplication                [0;39m [2m:[0;39m No active profile set, falling back to 1 default profile: "default"
[2m2023-05-13 22:37:30.211[0;39m [32m INFO[0;39m [35m5360[0;39m [2m---[0;39m [2m[  restartedMain][0;39m [36m.e.DevToolsPropertyDefaultsPostProcessor[0;39m [2m:[0;39m Devtools property defaults active! Set 'spring.devtools.add-properties' to 'false' to disable
[2m2023-05-13 22:37:30.215[0;39m [32m INFO[0;39m [35m5360[0;39m [2m---[0;39m [2m[  restartedMain][0;39m [36m.e.DevToolsPropertyDefaultsPostProcessor[0;39m [2m:[0;39m For additional web related logging consider setting the 'logging.level.web' property to 'DEBUG'
[2m2023-05-13 22:37:30.892[0;39m [32m INFO[0;39m [35m5360[0;39m [2m---[0;39m [2m[  restartedMain][0;39m [36m.s.d.r.c.RepositoryConfigurationDelegate[0;39m [2m:[0;39m Bootstrapping Spring Data JPA repositories in DEFAULT mode.
[2m2023-05-13 22:37:30.955[0;39m [32m INFO[0;39m [35m5360[0;39m [2m---[0;39m [2m[  restartedMain][0;39m [36m.s.d.r.c.RepositoryConfigurationDelegate[0;39m [2m:[0;39m Finished Spring Data repository scanning in 56 ms. Found 2 JPA repository interfaces.
[2m2023-05-13 22:37:31.432[0;39m [32m INFO[0;39m [35m5360[0;39m [2m---[0;39m [2m[  restartedMain][0;39m [36mo.s.b.w.embedded.tomcat.TomcatWebServer [0;39m [2m:[0;39m Tomcat initialized with port(s): 8080 (http)
[2m2023-05-13 22:37:31.439[0;39m [32m INFO[0;39m [35m5360[0;39m [2m---[0;39m [2m[  restartedMain][0;39m [36mo.apache.catalina.core.StandardService  [0;39m [2m:[0;39m Starting service [Tomcat]
[2m2023-05-13 22:37:31.439[0;39m [32m INFO[0;39m [35m5360[0;39m [2m---[0;39m [2m[  restartedMain][0;39m [36mo.apache.catalina.core.StandardEngine   [0;39m [2m:[0;39m Starting Servlet engine: [Apache Tomcat/10.1.8]
[2m2023-05-13 22:37:31.491[0;39m [32m INFO[0;39m [35m5360[0;39m [2m---[0;39m [2m[  restartedMain][0;39m [36mo.a.c.c.C.[Tomcat].[localhost].[/]      [0;39m [2m:[0;39m Initializing Spring embedded WebApplicationContext
[2m2023-05-13 22:37:31.492[0;39m [32m INFO[0;39m [35m5360[0;39m [2m---[0;39m [2m[  restartedMain][0;39m [36mw.s.c.ServletWebServerApplicationContext[0;39m [2m:[0;39m Root WebApplicationContext: initialization completed in 1276 ms
[2m2023-05-13 22:37:31.606[0;39m [32m INFO[0;39m [35m5360[0;39m [2m---[0;39m [2m[  restartedMain][0;39m [36mcom.zaxxer.hikari.HikariDataSource      [0;39m [2m:[0;39m HikariPool-1 - Starting...
[2m2023-05-13 22:37:31.873[0;39m [32m INFO[0;39m [35m5360[0;39m [2m---[0;39m [2m[  restartedMain][0;39m [36mcom.zaxxer.hikari.pool.HikariPool       [0;39m [2m:[0;39m HikariPool-1 - Added connection com.mysql.cj.jdbc.ConnectionImpl@24347aaa
[2m2023-05-13 22:37:31.875[0;39m [32m INFO[0;39m [35m5360[0;39m [2m---[0;39m [2m[  restartedMain][0;39m [36mcom.zaxxer.hikari.HikariDataSource      [0;39m [2m:[0;39m HikariPool-1 - Start completed.
[2m2023-05-13 22:37:32.186[0;39m [32m INFO[0;39m [35m5360[0;39m [2m---[0;39m [2m[  restartedMain][0;39m [36mliquibase.lockservice                   [0;39m [2m:[0;39m Successfully acquired change log lock
[2m2023-05-13 22:37:32.342[0;39m [32m INFO[0;39m [35m5360[0;39m [2m---[0;39m [2m[  restartedMain][0;39m [36mliquibase.changelog                     [0;39m [2m:[0;39m Creating database history table with name: banking.DATABASECHANGELOG
[2m2023-05-13 22:37:32.394[0;39m [32m INFO[0;39m [35m5360[0;39m [2m---[0;39m [2m[  restartedMain][0;39m [36mliquibase.changelog                     [0;39m [2m:[0;39m Reading from banking.DATABASECHANGELOG
[2m2023-05-13 22:37:32.507[0;39m [32m INFO[0;39m [35m5360[0;39m [2m---[0;39m [2m[  restartedMain][0;39m [36mliquibase.lockservice                   [0;39m [2m:[0;39m Successfully released change log lock
[2m2023-05-13 22:37:32.645[0;39m [32m INFO[0;39m [35m5360[0;39m [2m---[0;39m [2m[  restartedMain][0;39m [36mo.hibernate.jpa.internal.util.LogHelper [0;39m [2m:[0;39m HHH000204: Processing PersistenceUnitInfo [name: default]
[2m2023-05-13 22:37:32.736[0;39m [32m INFO[0;39m [35m5360[0;39m [2m---[0;39m [2m[  restartedMain][0;39m [36morg.hibernate.Version                   [0;39m [2m:[0;39m HHH000412: Hibernate ORM core version 6.1.7.Final
[2m2023-05-13 22:37:33.114[0;39m [32m INFO[0;39m [35m5360[0;39m [2m---[0;39m [2m[  restartedMain][0;39m [36mSQL dialect                             [0;39m [2m:[0;39m HHH000400: Using dialect: org.hibernate.dialect.MySQL8Dialect
[2m2023-05-13 22:37:33.115[0;39m [33m WARN[0;39m [35m5360[0;39m [2m---[0;39m [2m[  restartedMain][0;39m [36morg.hibernate.orm.deprecation           [0;39m [2m:[0;39m HHH90000026: MySQL8Dialect has been deprecated; use org.hibernate.dialect.MySQLDialect instead
[2m2023-05-13 22:37:34.077[0;39m [32m INFO[0;39m [35m5360[0;39m [2m---[0;39m [2m[  restartedMain][0;39m [36mo.h.e.t.j.p.i.JtaPlatformInitiator      [0;39m [2m:[0;39m HHH000490: Using JtaPlatform implementation: [org.hibernate.engine.transaction.jta.platform.internal.NoJtaPlatform]
[2m2023-05-13 22:37:34.088[0;39m [32m INFO[0;39m [35m5360[0;39m [2m---[0;39m [2m[  restartedMain][0;39m [36mj.LocalContainerEntityManagerFactoryBean[0;39m [2m:[0;39m Initialized JPA EntityManagerFactory for persistence unit 'default'
[2m2023-05-13 22:37:34.432[0;39m [33m WARN[0;39m [35m5360[0;39m [2m---[0;39m [2m[  restartedMain][0;39m [36mJpaBaseConfiguration$JpaWebConfiguration[0;39m [2m:[0;39m spring.jpa.open-in-view is enabled by default. Therefore, database queries may be performed during view rendering. Explicitly configure spring.jpa.open-in-view to disable this warning
[2m2023-05-13 22:37:34.707[0;39m [32m INFO[0;39m [35m5360[0;39m [2m---[0;39m [2m[  restartedMain][0;39m [36mo.s.b.d.a.OptionalLiveReloadServer      [0;39m [2m:[0;39m LiveReload server is running on port 35729
[2m2023-05-13 22:37:34.746[0;39m [32m INFO[0;39m [35m5360[0;39m [2m---[0;39m [2m[  restartedMain][0;39m [36mo.s.b.w.embedded.tomcat.TomcatWebServer [0;39m [2m:[0;39m Tomcat started on port(s): 8080 (http) with context path ''
[2m2023-05-13 22:37:34.755[0;39m [32m INFO[0;39m [35m5360[0;39m [2m---[0;39m [2m[  restartedMain][0;39m [36mc.t.b.BankingApplication                [0;39m [2m:[0;39m Started BankingApplication in 5.611 seconds (process running for 6.98)
[2m2023-05-13 22:38:01.056[0;39m [32m INFO[0;39m [35m5360[0;39m [2m---[0;39m [2m[nio-8080-exec-3][0;39m [36mo.a.c.c.C.[Tomcat].[localhost].[/]      [0;39m [2m:[0;39m Initializing Spring DispatcherServlet 'dispatcherServlet'
[2m2023-05-13 22:38:01.058[0;39m [32m INFO[0;39m [35m5360[0;39m [2m---[0;39m [2m[nio-8080-exec-3][0;39m [36mo.s.web.servlet.DispatcherServlet       [0;39m [2m:[0;39m Initializing Servlet 'dispatcherServlet'
[2m2023-05-13 22:38:01.060[0;39m [32m INFO[0;39m [35m5360[0;39m [2m---[0;39m [2m[nio-8080-exec-3][0;39m [36mo.s.web.servlet.DispatcherServlet       [0;39m [2m:[0;39m Completed initialization in 2 ms
[2m2023-05-13 23:09:01.953[0;39m [33m WARN[0;39m [35m5360[0;39m [2m---[0;39m [2m[l-1 housekeeper][0;39m [36mcom.zaxxer.hikari.pool.HikariPool       [0;39m [2m:[0;39m HikariPool-1 - Thread starvation or clock leap detected (housekeeper delta=1m59s462ms231µs300ns).
[2m2023-05-13 23:36:36.856[0;39m [32m INFO[0;39m [35m5360[0;39m [2m---[0;39m [2m[ionShutdownHook][0;39m [36mj.LocalContainerEntityManagerFactoryBean[0;39m [2m:[0;39m Closing JPA EntityManagerFactory for persistence unit 'default'
[2m2023-05-13 23:36:36.918[0;39m [32m INFO[0;39m [35m5360[0;39m [2m---[0;39m [2m[ionShutdownHook][0;39m [36mcom.zaxxer.hikari.HikariDataSource      [0;39m [2m:[0;39m HikariPool-1 - Shutdown initiated...
[2m2023-05-13 23:36:36.931[0;39m [32m INFO[0;39m [35m5360[0;39m [2m---[0;39m [2m[ionShutdownHook][0;39m [36mcom.zaxxer.hikari.HikariDataSource      [0;39m [2m:[0;39m HikariPool-1 - Shutdown completed.
[2m2023-05-13 23:36:48.757[0;39m [32m INFO[0;39m [35m6556[0;39m [2m---[0;39m [2m[  restartedMain][0;39m [36mc.t.b.BankingApplication                [0;39m [2m:[0;39m Starting BankingApplication using Java 17.0.2 with PID 6556 (C:\Users\Talha Shan\IdeasProject\BankingApplication\target\classes started by Talha Shan in C:\Users\Talha Shan\IdeasProject\BankingApplication)
[2m2023-05-13 23:36:48.759[0;39m [32m INFO[0;39m [35m6556[0;39m [2m---[0;39m [2m[  restartedMain][0;39m [36mc.t.b.BankingApplication                [0;39m [2m:[0;39m No active profile set, falling back to 1 default profile: "default"
[2m2023-05-13 23:36:48.803[0;39m [32m INFO[0;39m [35m6556[0;39m [2m---[0;39m [2m[  restartedMain][0;39m [36m.e.DevToolsPropertyDefaultsPostProcessor[0;39m [2m:[0;39m Devtools property defaults active! Set 'spring.devtools.add-properties' to 'false' to disable
[2m2023-05-13 23:36:48.803[0;39m [32m INFO[0;39m [35m6556[0;39m [2m---[0;39m [2m[  restartedMain][0;39m [36m.e.DevToolsPropertyDefaultsPostProcessor[0;39m [2m:[0;39m For additional web related logging consider setting the 'logging.level.web' property to 'DEBUG'
[2m2023-05-13 23:36:49.480[0;39m [32m INFO[0;39m [35m6556[0;39m [2m---[0;39m [2m[  restartedMain][0;39m [36m.s.d.r.c.RepositoryConfigurationDelegate[0;39m [2m:[0;39m Bootstrapping Spring Data JPA repositories in DEFAULT mode.
[2m2023-05-13 23:36:49.538[0;39m [32m INFO[0;39m [35m6556[0;39m [2m---[0;39m [2m[  restartedMain][0;39m [36m.s.d.r.c.RepositoryConfigurationDelegate[0;39m [2m:[0;39m Finished Spring Data repository scanning in 50 ms. Found 2 JPA repository interfaces.
[2m2023-05-13 23:36:50.037[0;39m [32m INFO[0;39m [35m6556[0;39m [2m---[0;39m [2m[  restartedMain][0;39m [36mo.s.b.w.embedded.tomcat.TomcatWebServer [0;39m [2m:[0;39m Tomcat initialized with port(s): 8080 (http)
[2m2023-05-13 23:36:50.047[0;39m [32m INFO[0;39m [35m6556[0;39m [2m---[0;39m [2m[  restartedMain][0;39m [36mo.apache.catalina.core.StandardService  [0;39m [2m:[0;39m Starting service [Tomcat]
[2m2023-05-13 23:36:50.047[0;39m [32m INFO[0;39m [35m6556[0;39m [2m---[0;39m [2m[  restartedMain][0;39m [36mo.apache.catalina.core.StandardEngine   [0;39m [2m:[0;39m Starting Servlet engine: [Apache Tomcat/10.1.8]
[2m2023-05-13 23:36:50.119[0;39m [32m INFO[0;39m [35m6556[0;39m [2m---[0;39m [2m[  restartedMain][0;39m [36mo.a.c.c.C.[Tomcat].[localhost].[/]      [0;39m [2m:[0;39m Initializing Spring embedded WebApplicationContext
[2m2023-05-13 23:36:50.119[0;39m [32m INFO[0;39m [35m6556[0;39m [2m---[0;39m [2m[  restartedMain][0;39m [36mw.s.c.ServletWebServerApplicationContext[0;39m [2m:[0;39m Root WebApplicationContext: initialization completed in 1315 ms
[2m2023-05-13 23:36:50.247[0;39m [32m INFO[0;39m [35m6556[0;39m [2m---[0;39m [2m[  restartedMain][0;39m [36mcom.zaxxer.hikari.HikariDataSource      [0;39m [2m:[0;39m HikariPool-1 - Starting...
[2m2023-05-13 23:36:50.613[0;39m [32m INFO[0;39m [35m6556[0;39m [2m---[0;39m [2m[  restartedMain][0;39m [36mcom.zaxxer.hikari.pool.HikariPool       [0;39m [2m:[0;39m HikariPool-1 - Added connection com.mysql.cj.jdbc.ConnectionImpl@7effc4
[2m2023-05-13 23:36:50.615[0;39m [32m INFO[0;39m [35m6556[0;39m [2m---[0;39m [2m[  restartedMain][0;39m [36mcom.zaxxer.hikari.HikariDataSource      [0;39m [2m:[0;39m HikariPool-1 - Start completed.
[2m2023-05-13 23:36:50.911[0;39m [32m INFO[0;39m [35m6556[0;39m [2m---[0;39m [2m[  restartedMain][0;39m [36mliquibase.lockservice                   [0;39m [2m:[0;39m Successfully acquired change log lock
[2m2023-05-13 23:36:51.150[0;39m [32m INFO[0;39m [35m6556[0;39m [2m---[0;39m [2m[  restartedMain][0;39m [36mliquibase.changelog                     [0;39m [2m:[0;39m Reading from banking.DATABASECHANGELOG
[2m2023-05-13 23:36:51.225[0;39m [32m INFO[0;39m [35m6556[0;39m [2m---[0;39m [2m[  restartedMain][0;39m [36mliquibase.lockservice                   [0;39m [2m:[0;39m Successfully released change log lock
[2m2023-05-13 23:36:51.283[0;39m [32m INFO[0;39m [35m6556[0;39m [2m---[0;39m [2m[  restartedMain][0;39m [36mo.hibernate.jpa.internal.util.LogHelper [0;39m [2m:[0;39m HHH000204: Processing PersistenceUnitInfo [name: default]
[2m2023-05-13 23:36:51.339[0;39m [32m INFO[0;39m [35m6556[0;39m [2m---[0;39m [2m[  restartedMain][0;39m [36morg.hibernate.Version                   [0;39m [2m:[0;39m HHH000412: Hibernate ORM core version 6.1.7.Final
[2m2023-05-13 23:36:51.601[0;39m [32m INFO[0;39m [35m6556[0;39m [2m---[0;39m [2m[  restartedMain][0;39m [36mSQL dialect                             [0;39m [2m:[0;39m HHH000400: Using dialect: org.hibernate.dialect.MySQL8Dialect
[2m2023-05-13 23:36:51.603[0;39m [33m WARN[0;39m [35m6556[0;39m [2m---[0;39m [2m[  restartedMain][0;39m [36morg.hibernate.orm.deprecation           [0;39m [2m:[0;39m HHH90000026: MySQL8Dialect has been deprecated; use org.hibernate.dialect.MySQLDialect instead
[2m2023-05-13 23:36:52.308[0;39m [32m INFO[0;39m [35m6556[0;39m [2m---[0;39m [2m[  restartedMain][0;39m [36mo.h.e.t.j.p.i.JtaPlatformInitiator      [0;39m [2m:[0;39m HHH000490: Using JtaPlatform implementation: [org.hibernate.engine.transaction.jta.platform.internal.NoJtaPlatform]
[2m2023-05-13 23:36:52.317[0;39m [32m INFO[0;39m [35m6556[0;39m [2m---[0;39m [2m[  restartedMain][0;39m [36mj.LocalContainerEntityManagerFactoryBean[0;39m [2m:[0;39m Initialized JPA EntityManagerFactory for persistence unit 'default'
[2m2023-05-13 23:36:52.685[0;39m [33m WARN[0;39m [35m6556[0;39m [2m---[0;39m [2m[  restartedMain][0;39m [36mJpaBaseConfiguration$JpaWebConfiguration[0;39m [2m:[0;39m spring.jpa.open-in-view is enabled by default. Therefore, database queries may be performed during view rendering. Explicitly configure spring.jpa.open-in-view to disable this warning
[2m2023-05-13 23:36:52.979[0;39m [32m INFO[0;39m [35m6556[0;39m [2m---[0;39m [2m[  restartedMain][0;39m [36mo.s.b.d.a.OptionalLiveReloadServer      [0;39m [2m:[0;39m LiveReload server is running on port 35729
[2m2023-05-13 23:36:53.013[0;39m [32m INFO[0;39m [35m6556[0;39m [2m---[0;39m [2m[  restartedMain][0;39m [36mo.s.b.w.embedded.tomcat.TomcatWebServer [0;39m [2m:[0;39m Tomcat started on port(s): 8080 (http) with context path ''
[2m2023-05-13 23:36:53.022[0;39m [32m INFO[0;39m [35m6556[0;39m [2m---[0;39m [2m[  restartedMain][0;39m [36mc.t.b.BankingApplication                [0;39m [2m:[0;39m Started BankingApplication in 5.077 seconds (process running for 6.06)
[2m2023-05-13 23:37:35.402[0;39m [32m INFO[0;39m [35m6556[0;39m [2m---[0;39m [2m[nio-8080-exec-1][0;39m [36mo.a.c.c.C.[Tomcat].[localhost].[/]      [0;39m [2m:[0;39m Initializing Spring DispatcherServlet 'dispatcherServlet'
[2m2023-05-13 23:37:35.403[0;39m [32m INFO[0;39m [35m6556[0;39m [2m---[0;39m [2m[nio-8080-exec-1][0;39m [36mo.s.web.servlet.DispatcherServlet       [0;39m [2m:[0;39m Initializing Servlet 'dispatcherServlet'
[2m2023-05-13 23:37:35.404[0;39m [32m INFO[0;39m [35m6556[0;39m [2m---[0;39m [2m[nio-8080-exec-1][0;39m [36mo.s.web.servlet.DispatcherServlet       [0;39m [2m:[0;39m Completed initialization in 1 ms
[2m2023-05-13 23:37:35.531[0;39m [32m INFO[0;39m [35m6556[0;39m [2m---[0;39m [2m[nio-8080-exec-1][0;39m [36mc.t.b.controller.TransactionController  [0;39m [2m:[0;39m calling transaction/transfer: {0} 
[2m2023-05-13 23:37:35.714[0;39m [32m INFO[0;39m [35m6556[0;39m [2m---[0;39m [2m[nio-8080-exec-1][0;39m [36mc.t.b.s.impl.TransactionServiceImpl     [0;39m [2m:[0;39m calling transaction transfer service: {0} 
[2m2023-05-13 23:40:08.638[0;39m [32m INFO[0;39m [35m6556[0;39m [2m---[0;39m [2m[ionShutdownHook][0;39m [36mj.LocalContainerEntityManagerFactoryBean[0;39m [2m:[0;39m Closing JPA EntityManagerFactory for persistence unit 'default'
[2m2023-05-13 23:40:08.644[0;39m [32m INFO[0;39m [35m6556[0;39m [2m---[0;39m [2m[ionShutdownHook][0;39m [36mcom.zaxxer.hikari.HikariDataSource      [0;39m [2m:[0;39m HikariPool-1 - Shutdown initiated...
[2m2023-05-13 23:40:08.652[0;39m [32m INFO[0;39m [35m6556[0;39m [2m---[0;39m [2m[ionShutdownHook][0;39m [36mcom.zaxxer.hikari.HikariDataSource      [0;39m [2m:[0;39m HikariPool-1 - Shutdown completed.
[2m2023-05-13 23:40:16.244[0;39m [32m INFO[0;39m [35m18128[0;39m [2m---[0;39m [2m[  restartedMain][0;39m [36mc.t.b.BankingApplication                [0;39m [2m:[0;39m Starting BankingApplication using Java 17.0.2 with PID 18128 (C:\Users\Talha Shan\IdeasProject\BankingApplication\target\classes started by Talha Shan in C:\Users\Talha Shan\IdeasProject\BankingApplication)
[2m2023-05-13 23:40:16.248[0;39m [32m INFO[0;39m [35m18128[0;39m [2m---[0;39m [2m[  restartedMain][0;39m [36mc.t.b.BankingApplication                [0;39m [2m:[0;39m No active profile set, falling back to 1 default profile: "default"
[2m2023-05-13 23:40:16.304[0;39m [32m INFO[0;39m [35m18128[0;39m [2m---[0;39m [2m[  restartedMain][0;39m [36m.e.DevToolsPropertyDefaultsPostProcessor[0;39m [2m:[0;39m Devtools property defaults active! Set 'spring.devtools.add-properties' to 'false' to disable
[2m2023-05-13 23:40:16.304[0;39m [32m INFO[0;39m [35m18128[0;39m [2m---[0;39m [2m[  restartedMain][0;39m [36m.e.DevToolsPropertyDefaultsPostProcessor[0;39m [2m:[0;39m For additional web related logging consider setting the 'logging.level.web' property to 'DEBUG'
[2m2023-05-13 23:40:17.049[0;39m [32m INFO[0;39m [35m18128[0;39m [2m---[0;39m [2m[  restartedMain][0;39m [36m.s.d.r.c.RepositoryConfigurationDelegate[0;39m [2m:[0;39m Bootstrapping Spring Data JPA repositories in DEFAULT mode.
[2m2023-05-13 23:40:17.116[0;39m [32m INFO[0;39m [35m18128[0;39m [2m---[0;39m [2m[  restartedMain][0;39m [36m.s.d.r.c.RepositoryConfigurationDelegate[0;39m [2m:[0;39m Finished Spring Data repository scanning in 58 ms. Found 2 JPA repository interfaces.
[2m2023-05-13 23:40:17.723[0;39m [32m INFO[0;39m [35m18128[0;39m [2m---[0;39m [2m[  restartedMain][0;39m [36mo.s.b.w.embedded.tomcat.TomcatWebServer [0;39m [2m:[0;39m Tomcat initialized with port(s): 8080 (http)
[2m2023-05-13 23:40:17.731[0;39m [32m INFO[0;39m [35m18128[0;39m [2m---[0;39m [2m[  restartedMain][0;39m [36mo.apache.catalina.core.StandardService  [0;39m [2m:[0;39m Starting service [Tomcat]
[2m2023-05-13 23:40:17.731[0;39m [32m INFO[0;39m [35m18128[0;39m [2m---[0;39m [2m[  restartedMain][0;39m [36mo.apache.catalina.core.StandardEngine   [0;39m [2m:[0;39m Starting Servlet engine: [Apache Tomcat/10.1.8]
[2m2023-05-13 23:40:17.792[0;39m [32m INFO[0;39m [35m18128[0;39m [2m---[0;39m [2m[  restartedMain][0;39m [36mo.a.c.c.C.[Tomcat].[localhost].[/]      [0;39m [2m:[0;39m Initializing Spring embedded WebApplicationContext
[2m2023-05-13 23:40:17.793[0;39m [32m INFO[0;39m [35m18128[0;39m [2m---[0;39m [2m[  restartedMain][0;39m [36mw.s.c.ServletWebServerApplicationContext[0;39m [2m:[0;39m Root WebApplicationContext: initialization completed in 1488 ms
[2m2023-05-13 23:40:17.943[0;39m [32m INFO[0;39m [35m18128[0;39m [2m---[0;39m [2m[  restartedMain][0;39m [36mcom.zaxxer.hikari.HikariDataSource      [0;39m [2m:[0;39m HikariPool-1 - Starting...
[2m2023-05-13 23:40:18.215[0;39m [32m INFO[0;39m [35m18128[0;39m [2m---[0;39m [2m[  restartedMain][0;39m [36mcom.zaxxer.hikari.pool.HikariPool       [0;39m [2m:[0;39m HikariPool-1 - Added connection com.mysql.cj.jdbc.ConnectionImpl@27f45e9d
[2m2023-05-13 23:40:18.218[0;39m [32m INFO[0;39m [35m18128[0;39m [2m---[0;39m [2m[  restartedMain][0;39m [36mcom.zaxxer.hikari.HikariDataSource      [0;39m [2m:[0;39m HikariPool-1 - Start completed.
[2m2023-05-13 23:40:18.532[0;39m [32m INFO[0;39m [35m18128[0;39m [2m---[0;39m [2m[  restartedMain][0;39m [36mliquibase.lockservice                   [0;39m [2m:[0;39m Successfully acquired change log lock
[2m2023-05-13 23:40:18.832[0;39m [32m INFO[0;39m [35m18128[0;39m [2m---[0;39m [2m[  restartedMain][0;39m [36mliquibase.changelog                     [0;39m [2m:[0;39m Reading from banking.DATABASECHANGELOG
[2m2023-05-13 23:40:18.950[0;39m [32m INFO[0;39m [35m18128[0;39m [2m---[0;39m [2m[  restartedMain][0;39m [36mliquibase.lockservice                   [0;39m [2m:[0;39m Successfully released change log lock
[2m2023-05-13 23:40:19.027[0;39m [32m INFO[0;39m [35m18128[0;39m [2m---[0;39m [2m[  restartedMain][0;39m [36mo.hibernate.jpa.internal.util.LogHelper [0;39m [2m:[0;39m HHH000204: Processing PersistenceUnitInfo [name: default]
[2m2023-05-13 23:40:19.084[0;39m [32m INFO[0;39m [35m18128[0;39m [2m---[0;39m [2m[  restartedMain][0;39m [36morg.hibernate.Version                   [0;39m [2m:[0;39m HHH000412: Hibernate ORM core version 6.1.7.Final
[2m2023-05-13 23:40:19.351[0;39m [32m INFO[0;39m [35m18128[0;39m [2m---[0;39m [2m[  restartedMain][0;39m [36mSQL dialect                             [0;39m [2m:[0;39m HHH000400: Using dialect: org.hibernate.dialect.MySQL8Dialect
[2m2023-05-13 23:40:19.353[0;39m [33m WARN[0;39m [35m18128[0;39m [2m---[0;39m [2m[  restartedMain][0;39m [36morg.hibernate.orm.deprecation           [0;39m [2m:[0;39m HHH90000026: MySQL8Dialect has been deprecated; use org.hibernate.dialect.MySQLDialect instead
[2m2023-05-13 23:40:20.048[0;39m [32m INFO[0;39m [35m18128[0;39m [2m---[0;39m [2m[  restartedMain][0;39m [36mo.h.e.t.j.p.i.JtaPlatformInitiator      [0;39m [2m:[0;39m HHH000490: Using JtaPlatform implementation: [org.hibernate.engine.transaction.jta.platform.internal.NoJtaPlatform]
[2m2023-05-13 23:40:20.058[0;39m [32m INFO[0;39m [35m18128[0;39m [2m---[0;39m [2m[  restartedMain][0;39m [36mj.LocalContainerEntityManagerFactoryBean[0;39m [2m:[0;39m Initialized JPA EntityManagerFactory for persistence unit 'default'
[2m2023-05-13 23:40:20.479[0;39m [33m WARN[0;39m [35m18128[0;39m [2m---[0;39m [2m[  restartedMain][0;39m [36mJpaBaseConfiguration$JpaWebConfiguration[0;39m [2m:[0;39m spring.jpa.open-in-view is enabled by default. Therefore, database queries may be performed during view rendering. Explicitly configure spring.jpa.open-in-view to disable this warning
[2m2023-05-13 23:40:20.813[0;39m [32m INFO[0;39m [35m18128[0;39m [2m---[0;39m [2m[  restartedMain][0;39m [36mo.s.b.d.a.OptionalLiveReloadServer      [0;39m [2m:[0;39m LiveReload server is running on port 35729
[2m2023-05-13 23:40:20.891[0;39m [32m INFO[0;39m [35m18128[0;39m [2m---[0;39m [2m[  restartedMain][0;39m [36mo.s.b.w.embedded.tomcat.TomcatWebServer [0;39m [2m:[0;39m Tomcat started on port(s): 8080 (http) with context path ''
[2m2023-05-13 23:40:20.901[0;39m [32m INFO[0;39m [35m18128[0;39m [2m---[0;39m [2m[  restartedMain][0;39m [36mc.t.b.BankingApplication                [0;39m [2m:[0;39m Started BankingApplication in 5.552 seconds (process running for 6.717)
[2m2023-05-13 23:40:24.426[0;39m [32m INFO[0;39m [35m18128[0;39m [2m---[0;39m [2m[nio-8080-exec-2][0;39m [36mo.a.c.c.C.[Tomcat].[localhost].[/]      [0;39m [2m:[0;39m Initializing Spring DispatcherServlet 'dispatcherServlet'
[2m2023-05-13 23:40:24.426[0;39m [32m INFO[0;39m [35m18128[0;39m [2m---[0;39m [2m[nio-8080-exec-2][0;39m [36mo.s.web.servlet.DispatcherServlet       [0;39m [2m:[0;39m Initializing Servlet 'dispatcherServlet'
[2m2023-05-13 23:40:24.427[0;39m [32m INFO[0;39m [35m18128[0;39m [2m---[0;39m [2m[nio-8080-exec-2][0;39m [36mo.s.web.servlet.DispatcherServlet       [0;39m [2m:[0;39m Completed initialization in 1 ms
[2m2023-05-13 23:40:24.576[0;39m [32m INFO[0;39m [35m18128[0;39m [2m---[0;39m [2m[nio-8080-exec-2][0;39m [36mc.t.b.controller.TransactionController  [0;39m [2m:[0;39m 168400322457459066263
[2m2023-05-13 23:40:24.788[0;39m [32m INFO[0;39m [35m18128[0;39m [2m---[0;39m [2m[nio-8080-exec-2][0;39m [36mc.t.b.s.impl.TransactionServiceImpl     [0;39m [2m:[0;39m calling transaction transfer service: {0} 
[2m2023-05-13 23:42:39.078[0;39m [32m INFO[0;39m [35m18128[0;39m [2m---[0;39m [2m[ionShutdownHook][0;39m [36mj.LocalContainerEntityManagerFactoryBean[0;39m [2m:[0;39m Closing JPA EntityManagerFactory for persistence unit 'default'
[2m2023-05-13 23:42:39.082[0;39m [32m INFO[0;39m [35m18128[0;39m [2m---[0;39m [2m[ionShutdownHook][0;39m [36mcom.zaxxer.hikari.HikariDataSource      [0;39m [2m:[0;39m HikariPool-1 - Shutdown initiated...
[2m2023-05-13 23:42:39.087[0;39m [32m INFO[0;39m [35m18128[0;39m [2m---[0;39m [2m[ionShutdownHook][0;39m [36mcom.zaxxer.hikari.HikariDataSource      [0;39m [2m:[0;39m HikariPool-1 - Shutdown completed.
[2m2023-05-13 23:42:45.204[0;39m [32m INFO[0;39m [35m12852[0;39m [2m---[0;39m [2m[  restartedMain][0;39m [36mc.t.b.BankingApplication                [0;39m [2m:[0;39m Starting BankingApplication using Java 17.0.2 with PID 12852 (C:\Users\Talha Shan\IdeasProject\BankingApplication\target\classes started by Talha Shan in C:\Users\Talha Shan\IdeasProject\BankingApplication)
[2m2023-05-13 23:42:45.208[0;39m [32m INFO[0;39m [35m12852[0;39m [2m---[0;39m [2m[  restartedMain][0;39m [36mc.t.b.BankingApplication                [0;39m [2m:[0;39m No active profile set, falling back to 1 default profile: "default"
[2m2023-05-13 23:42:45.255[0;39m [32m INFO[0;39m [35m12852[0;39m [2m---[0;39m [2m[  restartedMain][0;39m [36m.e.DevToolsPropertyDefaultsPostProcessor[0;39m [2m:[0;39m Devtools property defaults active! Set 'spring.devtools.add-properties' to 'false' to disable
[2m2023-05-13 23:42:45.256[0;39m [32m INFO[0;39m [35m12852[0;39m [2m---[0;39m [2m[  restartedMain][0;39m [36m.e.DevToolsPropertyDefaultsPostProcessor[0;39m [2m:[0;39m For additional web related logging consider setting the 'logging.level.web' property to 'DEBUG'
[2m2023-05-13 23:42:45.959[0;39m [32m INFO[0;39m [35m12852[0;39m [2m---[0;39m [2m[  restartedMain][0;39m [36m.s.d.r.c.RepositoryConfigurationDelegate[0;39m [2m:[0;39m Bootstrapping Spring Data JPA repositories in DEFAULT mode.
[2m2023-05-13 23:42:46.017[0;39m [32m INFO[0;39m [35m12852[0;39m [2m---[0;39m [2m[  restartedMain][0;39m [36m.s.d.r.c.RepositoryConfigurationDelegate[0;39m [2m:[0;39m Finished Spring Data repository scanning in 51 ms. Found 2 JPA repository interfaces.
[2m2023-05-13 23:42:46.548[0;39m [32m INFO[0;39m [35m12852[0;39m [2m---[0;39m [2m[  restartedMain][0;39m [36mo.s.b.w.embedded.tomcat.TomcatWebServer [0;39m [2m:[0;39m Tomcat initialized with port(s): 8080 (http)
[2m2023-05-13 23:42:46.555[0;39m [32m INFO[0;39m [35m12852[0;39m [2m---[0;39m [2m[  restartedMain][0;39m [36mo.apache.catalina.core.StandardService  [0;39m [2m:[0;39m Starting service [Tomcat]
[2m2023-05-13 23:42:46.556[0;39m [32m INFO[0;39m [35m12852[0;39m [2m---[0;39m [2m[  restartedMain][0;39m [36mo.apache.catalina.core.StandardEngine   [0;39m [2m:[0;39m Starting Servlet engine: [Apache Tomcat/10.1.8]
[2m2023-05-13 23:42:46.613[0;39m [32m INFO[0;39m [35m12852[0;39m [2m---[0;39m [2m[  restartedMain][0;39m [36mo.a.c.c.C.[Tomcat].[localhost].[/]      [0;39m [2m:[0;39m Initializing Spring embedded WebApplicationContext
[2m2023-05-13 23:42:46.613[0;39m [32m INFO[0;39m [35m12852[0;39m [2m---[0;39m [2m[  restartedMain][0;39m [36mw.s.c.ServletWebServerApplicationContext[0;39m [2m:[0;39m Root WebApplicationContext: initialization completed in 1357 ms
[2m2023-05-13 23:42:46.744[0;39m [32m INFO[0;39m [35m12852[0;39m [2m---[0;39m [2m[  restartedMain][0;39m [36mcom.zaxxer.hikari.HikariDataSource      [0;39m [2m:[0;39m HikariPool-1 - Starting...
[2m2023-05-13 23:42:47.013[0;39m [32m INFO[0;39m [35m12852[0;39m [2m---[0;39m [2m[  restartedMain][0;39m [36mcom.zaxxer.hikari.pool.HikariPool       [0;39m [2m:[0;39m HikariPool-1 - Added connection com.mysql.cj.jdbc.ConnectionImpl@231e6cf6
[2m2023-05-13 23:42:47.015[0;39m [32m INFO[0;39m [35m12852[0;39m [2m---[0;39m [2m[  restartedMain][0;39m [36mcom.zaxxer.hikari.HikariDataSource      [0;39m [2m:[0;39m HikariPool-1 - Start completed.
[2m2023-05-13 23:42:47.351[0;39m [32m INFO[0;39m [35m12852[0;39m [2m---[0;39m [2m[  restartedMain][0;39m [36mliquibase.lockservice                   [0;39m [2m:[0;39m Successfully acquired change log lock
[2m2023-05-13 23:42:47.572[0;39m [32m INFO[0;39m [35m12852[0;39m [2m---[0;39m [2m[  restartedMain][0;39m [36mliquibase.changelog                     [0;39m [2m:[0;39m Reading from banking.DATABASECHANGELOG
[2m2023-05-13 23:42:47.663[0;39m [32m INFO[0;39m [35m12852[0;39m [2m---[0;39m [2m[  restartedMain][0;39m [36mliquibase.lockservice                   [0;39m [2m:[0;39m Successfully released change log lock
[2m2023-05-13 23:42:47.718[0;39m [32m INFO[0;39m [35m12852[0;39m [2m---[0;39m [2m[  restartedMain][0;39m [36mo.hibernate.jpa.internal.util.LogHelper [0;39m [2m:[0;39m HHH000204: Processing PersistenceUnitInfo [name: default]
[2m2023-05-13 23:42:47.754[0;39m [32m INFO[0;39m [35m12852[0;39m [2m---[0;39m [2m[  restartedMain][0;39m [36morg.hibernate.Version                   [0;39m [2m:[0;39m HHH000412: Hibernate ORM core version 6.1.7.Final
[2m2023-05-13 23:42:47.962[0;39m [32m INFO[0;39m [35m12852[0;39m [2m---[0;39m [2m[  restartedMain][0;39m [36mSQL dialect                             [0;39m [2m:[0;39m HHH000400: Using dialect: org.hibernate.dialect.MySQL8Dialect
[2m2023-05-13 23:42:47.964[0;39m [33m WARN[0;39m [35m12852[0;39m [2m---[0;39m [2m[  restartedMain][0;39m [36morg.hibernate.orm.deprecation           [0;39m [2m:[0;39m HHH90000026: MySQL8Dialect has been deprecated; use org.hibernate.dialect.MySQLDialect instead
[2m2023-05-13 23:42:48.610[0;39m [32m INFO[0;39m [35m12852[0;39m [2m---[0;39m [2m[  restartedMain][0;39m [36mo.h.e.t.j.p.i.JtaPlatformInitiator      [0;39m [2m:[0;39m HHH000490: Using JtaPlatform implementation: [org.hibernate.engine.transaction.jta.platform.internal.NoJtaPlatform]
[2m2023-05-13 23:42:48.618[0;39m [32m INFO[0;39m [35m12852[0;39m [2m---[0;39m [2m[  restartedMain][0;39m [36mj.LocalContainerEntityManagerFactoryBean[0;39m [2m:[0;39m Initialized JPA EntityManagerFactory for persistence unit 'default'
[2m2023-05-13 23:42:48.958[0;39m [33m WARN[0;39m [35m12852[0;39m [2m---[0;39m [2m[  restartedMain][0;39m [36mJpaBaseConfiguration$JpaWebConfiguration[0;39m [2m:[0;39m spring.jpa.open-in-view is enabled by default. Therefore, database queries may be performed during view rendering. Explicitly configure spring.jpa.open-in-view to disable this warning
[2m2023-05-13 23:42:49.238[0;39m [32m INFO[0;39m [35m12852[0;39m [2m---[0;39m [2m[  restartedMain][0;39m [36mo.s.b.d.a.OptionalLiveReloadServer      [0;39m [2m:[0;39m LiveReload server is running on port 35729
[2m2023-05-13 23:42:49.283[0;39m [32m INFO[0;39m [35m12852[0;39m [2m---[0;39m [2m[  restartedMain][0;39m [36mo.s.b.w.embedded.tomcat.TomcatWebServer [0;39m [2m:[0;39m Tomcat started on port(s): 8080 (http) with context path ''
[2m2023-05-13 23:42:49.296[0;39m [32m INFO[0;39m [35m12852[0;39m [2m---[0;39m [2m[  restartedMain][0;39m [36mc.t.b.BankingApplication                [0;39m [2m:[0;39m Started BankingApplication in 4.969 seconds (process running for 6.086)
[2m2023-05-13 23:42:52.016[0;39m [32m INFO[0;39m [35m12852[0;39m [2m---[0;39m [2m[nio-8080-exec-1][0;39m [36mo.a.c.c.C.[Tomcat].[localhost].[/]      [0;39m [2m:[0;39m Initializing Spring DispatcherServlet 'dispatcherServlet'
[2m2023-05-13 23:42:52.017[0;39m [32m INFO[0;39m [35m12852[0;39m [2m---[0;39m [2m[nio-8080-exec-1][0;39m [36mo.s.web.servlet.DispatcherServlet       [0;39m [2m:[0;39m Initializing Servlet 'dispatcherServlet'
[2m2023-05-13 23:42:52.018[0;39m [32m INFO[0;39m [35m12852[0;39m [2m---[0;39m [2m[nio-8080-exec-1][0;39m [36mo.s.web.servlet.DispatcherServlet       [0;39m [2m:[0;39m Completed initialization in 1 ms
[2m2023-05-13 23:42:52.164[0;39m [32m INFO[0;39m [35m12852[0;39m [2m---[0;39m [2m[nio-8080-exec-1][0;39m [36mc.t.b.controller.TransactionController  [0;39m [2m:[0;39m calling transaction/transfer: 168400337216323022023
[2m2023-05-13 23:42:52.378[0;39m [32m INFO[0;39m [35m12852[0;39m [2m---[0;39m [2m[nio-8080-exec-1][0;39m [36mc.t.b.s.impl.TransactionServiceImpl     [0;39m [2m:[0;39m calling transaction transfer service: {0} 
[2m2023-05-13 23:43:09.649[0;39m [32m INFO[0;39m [35m12852[0;39m [2m---[0;39m [2m[nio-8080-exec-3][0;39m [36mc.t.b.controller.TransactionController  [0;39m [2m:[0;39m calling transaction/transfer: 168400338964995357319
[2m2023-05-13 23:43:09.685[0;39m [32m INFO[0;39m [35m12852[0;39m [2m---[0;39m [2m[nio-8080-exec-3][0;39m [36mc.t.b.s.impl.TransactionServiceImpl     [0;39m [2m:[0;39m calling transaction transfer service: {0} 
[2m2023-05-13 23:43:13.406[0;39m [32m INFO[0;39m [35m12852[0;39m [2m---[0;39m [2m[ionShutdownHook][0;39m [36mj.LocalContainerEntityManagerFactoryBean[0;39m [2m:[0;39m Closing JPA EntityManagerFactory for persistence unit 'default'
[2m2023-05-13 23:43:13.411[0;39m [32m INFO[0;39m [35m12852[0;39m [2m---[0;39m [2m[ionShutdownHook][0;39m [36mcom.zaxxer.hikari.HikariDataSource      [0;39m [2m:[0;39m HikariPool-1 - Shutdown initiated...
[2m2023-05-13 23:43:13.432[0;39m [32m INFO[0;39m [35m12852[0;39m [2m---[0;39m [2m[ionShutdownHook][0;39m [36mcom.zaxxer.hikari.HikariDataSource      [0;39m [2m:[0;39m HikariPool-1 - Shutdown completed.
[2m2023-05-13 23:43:18.516[0;39m [32m INFO[0;39m [35m6464[0;39m [2m---[0;39m [2m[  restartedMain][0;39m [36mc.t.b.BankingApplication                [0;39m [2m:[0;39m Starting BankingApplication using Java 17.0.2 with PID 6464 (C:\Users\Talha Shan\IdeasProject\BankingApplication\target\classes started by Talha Shan in C:\Users\Talha Shan\IdeasProject\BankingApplication)
[2m2023-05-13 23:43:18.520[0;39m [32m INFO[0;39m [35m6464[0;39m [2m---[0;39m [2m[  restartedMain][0;39m [36mc.t.b.BankingApplication                [0;39m [2m:[0;39m No active profile set, falling back to 1 default profile: "default"
[2m2023-05-13 23:43:18.577[0;39m [32m INFO[0;39m [35m6464[0;39m [2m---[0;39m [2m[  restartedMain][0;39m [36m.e.DevToolsPropertyDefaultsPostProcessor[0;39m [2m:[0;39m Devtools property defaults active! Set 'spring.devtools.add-properties' to 'false' to disable
[2m2023-05-13 23:43:18.578[0;39m [32m INFO[0;39m [35m6464[0;39m [2m---[0;39m [2m[  restartedMain][0;39m [36m.e.DevToolsPropertyDefaultsPostProcessor[0;39m [2m:[0;39m For additional web related logging consider setting the 'logging.level.web' property to 'DEBUG'
[2m2023-05-13 23:43:19.319[0;39m [32m INFO[0;39m [35m6464[0;39m [2m---[0;39m [2m[  restartedMain][0;39m [36m.s.d.r.c.RepositoryConfigurationDelegate[0;39m [2m:[0;39m Bootstrapping Spring Data JPA repositories in DEFAULT mode.
[2m2023-05-13 23:43:19.401[0;39m [32m INFO[0;39m [35m6464[0;39m [2m---[0;39m [2m[  restartedMain][0;39m [36m.s.d.r.c.RepositoryConfigurationDelegate[0;39m [2m:[0;39m Finished Spring Data repository scanning in 73 ms. Found 2 JPA repository interfaces.
[2m2023-05-13 23:43:19.946[0;39m [32m INFO[0;39m [35m6464[0;39m [2m---[0;39m [2m[  restartedMain][0;39m [36mo.s.b.w.embedded.tomcat.TomcatWebServer [0;39m [2m:[0;39m Tomcat initialized with port(s): 8080 (http)
[2m2023-05-13 23:43:19.954[0;39m [32m INFO[0;39m [35m6464[0;39m [2m---[0;39m [2m[  restartedMain][0;39m [36mo.apache.catalina.core.StandardService  [0;39m [2m:[0;39m Starting service [Tomcat]
[2m2023-05-13 23:43:19.954[0;39m [32m INFO[0;39m [35m6464[0;39m [2m---[0;39m [2m[  restartedMain][0;39m [36mo.apache.catalina.core.StandardEngine   [0;39m [2m:[0;39m Starting Servlet engine: [Apache Tomcat/10.1.8]
[2m2023-05-13 23:43:20.022[0;39m [32m INFO[0;39m [35m6464[0;39m [2m---[0;39m [2m[  restartedMain][0;39m [36mo.a.c.c.C.[Tomcat].[localhost].[/]      [0;39m [2m:[0;39m Initializing Spring embedded WebApplicationContext
[2m2023-05-13 23:43:20.022[0;39m [32m INFO[0;39m [35m6464[0;39m [2m---[0;39m [2m[  restartedMain][0;39m [36mw.s.c.ServletWebServerApplicationContext[0;39m [2m:[0;39m Root WebApplicationContext: initialization completed in 1443 ms
[2m2023-05-13 23:43:20.155[0;39m [32m INFO[0;39m [35m6464[0;39m [2m---[0;39m [2m[  restartedMain][0;39m [36mcom.zaxxer.hikari.HikariDataSource      [0;39m [2m:[0;39m HikariPool-1 - Starting...
[2m2023-05-13 23:43:20.464[0;39m [32m INFO[0;39m [35m6464[0;39m [2m---[0;39m [2m[  restartedMain][0;39m [36mcom.zaxxer.hikari.pool.HikariPool       [0;39m [2m:[0;39m HikariPool-1 - Added connection com.mysql.cj.jdbc.ConnectionImpl@57afb773
[2m2023-05-13 23:43:20.467[0;39m [32m INFO[0;39m [35m6464[0;39m [2m---[0;39m [2m[  restartedMain][0;39m [36mcom.zaxxer.hikari.HikariDataSource      [0;39m [2m:[0;39m HikariPool-1 - Start completed.
[2m2023-05-13 23:43:20.805[0;39m [32m INFO[0;39m [35m6464[0;39m [2m---[0;39m [2m[  restartedMain][0;39m [36mliquibase.lockservice                   [0;39m [2m:[0;39m Successfully acquired change log lock
[2m2023-05-13 23:43:21.061[0;39m [32m INFO[0;39m [35m6464[0;39m [2m---[0;39m [2m[  restartedMain][0;39m [36mliquibase.changelog                     [0;39m [2m:[0;39m Reading from banking.DATABASECHANGELOG
[2m2023-05-13 23:43:21.169[0;39m [32m INFO[0;39m [35m6464[0;39m [2m---[0;39m [2m[  restartedMain][0;39m [36mliquibase.lockservice                   [0;39m [2m:[0;39m Successfully released change log lock
[2m2023-05-13 23:43:21.244[0;39m [32m INFO[0;39m [35m6464[0;39m [2m---[0;39m [2m[  restartedMain][0;39m [36mo.hibernate.jpa.internal.util.LogHelper [0;39m [2m:[0;39m HHH000204: Processing PersistenceUnitInfo [name: default]
[2m2023-05-13 23:43:21.290[0;39m [32m INFO[0;39m [35m6464[0;39m [2m---[0;39m [2m[  restartedMain][0;39m [36morg.hibernate.Version                   [0;39m [2m:[0;39m HHH000412: Hibernate ORM core version 6.1.7.Final
[2m2023-05-13 23:43:21.541[0;39m [32m INFO[0;39m [35m6464[0;39m [2m---[0;39m [2m[  restartedMain][0;39m [36mSQL dialect                             [0;39m [2m:[0;39m HHH000400: Using dialect: org.hibernate.dialect.MySQL8Dialect
[2m2023-05-13 23:43:21.543[0;39m [33m WARN[0;39m [35m6464[0;39m [2m---[0;39m [2m[  restartedMain][0;39m [36morg.hibernate.orm.deprecation           [0;39m [2m:[0;39m HHH90000026: MySQL8Dialect has been deprecated; use org.hibernate.dialect.MySQLDialect instead
[2m2023-05-13 23:43:22.362[0;39m [32m INFO[0;39m [35m6464[0;39m [2m---[0;39m [2m[  restartedMain][0;39m [36mo.h.e.t.j.p.i.JtaPlatformInitiator      [0;39m [2m:[0;39m HHH000490: Using JtaPlatform implementation: [org.hibernate.engine.transaction.jta.platform.internal.NoJtaPlatform]
[2m2023-05-13 23:43:22.372[0;39m [32m INFO[0;39m [35m6464[0;39m [2m---[0;39m [2m[  restartedMain][0;39m [36mj.LocalContainerEntityManagerFactoryBean[0;39m [2m:[0;39m Initialized JPA EntityManagerFactory for persistence unit 'default'
[2m2023-05-13 23:43:22.865[0;39m [33m WARN[0;39m [35m6464[0;39m [2m---[0;39m [2m[  restartedMain][0;39m [36mJpaBaseConfiguration$JpaWebConfiguration[0;39m [2m:[0;39m spring.jpa.open-in-view is enabled by default. Therefore, database queries may be performed during view rendering. Explicitly configure spring.jpa.open-in-view to disable this warning
[2m2023-05-13 23:43:23.272[0;39m [32m INFO[0;39m [35m6464[0;39m [2m---[0;39m [2m[  restartedMain][0;39m [36mo.s.b.d.a.OptionalLiveReloadServer      [0;39m [2m:[0;39m LiveReload server is running on port 35729
[2m2023-05-13 23:43:23.327[0;39m [32m INFO[0;39m [35m6464[0;39m [2m---[0;39m [2m[  restartedMain][0;39m [36mo.s.b.w.embedded.tomcat.TomcatWebServer [0;39m [2m:[0;39m Tomcat started on port(s): 8080 (http) with context path ''
[2m2023-05-13 23:43:23.339[0;39m [32m INFO[0;39m [35m6464[0;39m [2m---[0;39m [2m[  restartedMain][0;39m [36mc.t.b.BankingApplication                [0;39m [2m:[0;39m Started BankingApplication in 5.533 seconds (process running for 7.171)
[2m2023-05-13 23:43:29.436[0;39m [32m INFO[0;39m [35m6464[0;39m [2m---[0;39m [2m[nio-8080-exec-3][0;39m [36mo.a.c.c.C.[Tomcat].[localhost].[/]      [0;39m [2m:[0;39m Initializing Spring DispatcherServlet 'dispatcherServlet'
[2m2023-05-13 23:43:29.437[0;39m [32m INFO[0;39m [35m6464[0;39m [2m---[0;39m [2m[nio-8080-exec-3][0;39m [36mo.s.web.servlet.DispatcherServlet       [0;39m [2m:[0;39m Initializing Servlet 'dispatcherServlet'
[2m2023-05-13 23:43:29.439[0;39m [32m INFO[0;39m [35m6464[0;39m [2m---[0;39m [2m[nio-8080-exec-3][0;39m [36mo.s.web.servlet.DispatcherServlet       [0;39m [2m:[0;39m Completed initialization in 1 ms
[2m2023-05-13 23:43:29.637[0;39m [32m INFO[0;39m [35m6464[0;39m [2m---[0;39m [2m[nio-8080-exec-3][0;39m [36mc.t.b.controller.TransactionController  [0;39m [2m:[0;39m calling transaction/transfer: 168400340963506897884
[2m2023-05-13 23:43:29.924[0;39m [32m INFO[0;39m [35m6464[0;39m [2m---[0;39m [2m[nio-8080-exec-3][0;39m [36mc.t.b.s.impl.TransactionServiceImpl     [0;39m [2m:[0;39m calling transaction transfer service: {0} 
[2m2023-05-13 23:45:13.653[0;39m [32m INFO[0;39m [35m6464[0;39m [2m---[0;39m [2m[ionShutdownHook][0;39m [36mj.LocalContainerEntityManagerFactoryBean[0;39m [2m:[0;39m Closing JPA EntityManagerFactory for persistence unit 'default'
[2m2023-05-13 23:45:13.657[0;39m [32m INFO[0;39m [35m6464[0;39m [2m---[0;39m [2m[ionShutdownHook][0;39m [36mcom.zaxxer.hikari.HikariDataSource      [0;39m [2m:[0;39m HikariPool-1 - Shutdown initiated...
[2m2023-05-13 23:45:13.664[0;39m [32m INFO[0;39m [35m6464[0;39m [2m---[0;39m [2m[ionShutdownHook][0;39m [36mcom.zaxxer.hikari.HikariDataSource      [0;39m [2m:[0;39m HikariPool-1 - Shutdown completed.
[2m2023-05-13 23:45:20.788[0;39m [32m INFO[0;39m [35m8544[0;39m [2m---[0;39m [2m[  restartedMain][0;39m [36mc.t.b.BankingApplication                [0;39m [2m:[0;39m Starting BankingApplication using Java 17.0.2 with PID 8544 (C:\Users\Talha Shan\IdeasProject\BankingApplication\target\classes started by Talha Shan in C:\Users\Talha Shan\IdeasProject\BankingApplication)
[2m2023-05-13 23:45:20.791[0;39m [32m INFO[0;39m [35m8544[0;39m [2m---[0;39m [2m[  restartedMain][0;39m [36mc.t.b.BankingApplication                [0;39m [2m:[0;39m No active profile set, falling back to 1 default profile: "default"
[2m2023-05-13 23:45:20.834[0;39m [32m INFO[0;39m [35m8544[0;39m [2m---[0;39m [2m[  restartedMain][0;39m [36m.e.DevToolsPropertyDefaultsPostProcessor[0;39m [2m:[0;39m Devtools property defaults active! Set 'spring.devtools.add-properties' to 'false' to disable
[2m2023-05-13 23:45:20.835[0;39m [32m INFO[0;39m [35m8544[0;39m [2m---[0;39m [2m[  restartedMain][0;39m [36m.e.DevToolsPropertyDefaultsPostProcessor[0;39m [2m:[0;39m For additional web related logging consider setting the 'logging.level.web' property to 'DEBUG'
[2m2023-05-13 23:45:21.446[0;39m [32m INFO[0;39m [35m8544[0;39m [2m---[0;39m [2m[  restartedMain][0;39m [36m.s.d.r.c.RepositoryConfigurationDelegate[0;39m [2m:[0;39m Bootstrapping Spring Data JPA repositories in DEFAULT mode.
[2m2023-05-13 23:45:21.501[0;39m [32m INFO[0;39m [35m8544[0;39m [2m---[0;39m [2m[  restartedMain][0;39m [36m.s.d.r.c.RepositoryConfigurationDelegate[0;39m [2m:[0;39m Finished Spring Data repository scanning in 48 ms. Found 2 JPA repository interfaces.
[2m2023-05-13 23:45:21.957[0;39m [32m INFO[0;39m [35m8544[0;39m [2m---[0;39m [2m[  restartedMain][0;39m [36mo.s.b.w.embedded.tomcat.TomcatWebServer [0;39m [2m:[0;39m Tomcat initialized with port(s): 8080 (http)
[2m2023-05-13 23:45:21.971[0;39m [32m INFO[0;39m [35m8544[0;39m [2m---[0;39m [2m[  restartedMain][0;39m [36mo.apache.catalina.core.StandardService  [0;39m [2m:[0;39m Starting service [Tomcat]
[2m2023-05-13 23:45:21.972[0;39m [32m INFO[0;39m [35m8544[0;39m [2m---[0;39m [2m[  restartedMain][0;39m [36mo.apache.catalina.core.StandardEngine   [0;39m [2m:[0;39m Starting Servlet engine: [Apache Tomcat/10.1.8]
[2m2023-05-13 23:45:22.022[0;39m [32m INFO[0;39m [35m8544[0;39m [2m---[0;39m [2m[  restartedMain][0;39m [36mo.a.c.c.C.[Tomcat].[localhost].[/]      [0;39m [2m:[0;39m Initializing Spring embedded WebApplicationContext
[2m2023-05-13 23:45:22.023[0;39m [32m INFO[0;39m [35m8544[0;39m [2m---[0;39m [2m[  restartedMain][0;39m [36mw.s.c.ServletWebServerApplicationContext[0;39m [2m:[0;39m Root WebApplicationContext: initialization completed in 1188 ms
[2m2023-05-13 23:45:22.129[0;39m [32m INFO[0;39m [35m8544[0;39m [2m---[0;39m [2m[  restartedMain][0;39m [36mcom.zaxxer.hikari.HikariDataSource      [0;39m [2m:[0;39m HikariPool-1 - Starting...
[2m2023-05-13 23:45:22.370[0;39m [32m INFO[0;39m [35m8544[0;39m [2m---[0;39m [2m[  restartedMain][0;39m [36mcom.zaxxer.hikari.pool.HikariPool       [0;39m [2m:[0;39m HikariPool-1 - Added connection com.mysql.cj.jdbc.ConnectionImpl@27f45e9d
[2m2023-05-13 23:45:22.373[0;39m [32m INFO[0;39m [35m8544[0;39m [2m---[0;39m [2m[  restartedMain][0;39m [36mcom.zaxxer.hikari.HikariDataSource      [0;39m [2m:[0;39m HikariPool-1 - Start completed.
[2m2023-05-13 23:45:22.607[0;39m [32m INFO[0;39m [35m8544[0;39m [2m---[0;39m [2m[  restartedMain][0;39m [36mliquibase.lockservice                   [0;39m [2m:[0;39m Successfully acquired change log lock
[2m2023-05-13 23:45:22.855[0;39m [32m INFO[0;39m [35m8544[0;39m [2m---[0;39m [2m[  restartedMain][0;39m [36mliquibase.changelog                     [0;39m [2m:[0;39m Reading from banking.DATABASECHANGELOG
[2m2023-05-13 23:45:22.980[0;39m [32m INFO[0;39m [35m8544[0;39m [2m---[0;39m [2m[  restartedMain][0;39m [36mliquibase.lockservice                   [0;39m [2m:[0;39m Successfully released change log lock
[2m2023-05-13 23:45:23.061[0;39m [32m INFO[0;39m [35m8544[0;39m [2m---[0;39m [2m[  restartedMain][0;39m [36mo.hibernate.jpa.internal.util.LogHelper [0;39m [2m:[0;39m HHH000204: Processing PersistenceUnitInfo [name: default]
[2m2023-05-13 23:45:23.120[0;39m [32m INFO[0;39m [35m8544[0;39m [2m---[0;39m [2m[  restartedMain][0;39m [36morg.hibernate.Version                   [0;39m [2m:[0;39m HHH000412: Hibernate ORM core version 6.1.7.Final
[2m2023-05-13 23:45:23.380[0;39m [32m INFO[0;39m [35m8544[0;39m [2m---[0;39m [2m[  restartedMain][0;39m [36mSQL dialect                             [0;39m [2m:[0;39m HHH000400: Using dialect: org.hibernate.dialect.MySQL8Dialect
[2m2023-05-13 23:45:23.383[0;39m [33m WARN[0;39m [35m8544[0;39m [2m---[0;39m [2m[  restartedMain][0;39m [36morg.hibernate.orm.deprecation           [0;39m [2m:[0;39m HHH90000026: MySQL8Dialect has been deprecated; use org.hibernate.dialect.MySQLDialect instead
[2m2023-05-13 23:45:24.118[0;39m [32m INFO[0;39m [35m8544[0;39m [2m---[0;39m [2m[  restartedMain][0;39m [36mo.h.e.t.j.p.i.JtaPlatformInitiator      [0;39m [2m:[0;39m HHH000490: Using JtaPlatform implementation: [org.hibernate.engine.transaction.jta.platform.internal.NoJtaPlatform]
[2m2023-05-13 23:45:24.126[0;39m [32m INFO[0;39m [35m8544[0;39m [2m---[0;39m [2m[  restartedMain][0;39m [36mj.LocalContainerEntityManagerFactoryBean[0;39m [2m:[0;39m Initialized JPA EntityManagerFactory for persistence unit 'default'
[2m2023-05-13 23:45:24.481[0;39m [33m WARN[0;39m [35m8544[0;39m [2m---[0;39m [2m[  restartedMain][0;39m [36mJpaBaseConfiguration$JpaWebConfiguration[0;39m [2m:[0;39m spring.jpa.open-in-view is enabled by default. Therefore, database queries may be performed during view rendering. Explicitly configure spring.jpa.open-in-view to disable this warning
[2m2023-05-13 23:45:24.754[0;39m [32m INFO[0;39m [35m8544[0;39m [2m---[0;39m [2m[  restartedMain][0;39m [36mo.s.b.d.a.OptionalLiveReloadServer      [0;39m [2m:[0;39m LiveReload server is running on port 35729
[2m2023-05-13 23:45:24.786[0;39m [32m INFO[0;39m [35m8544[0;39m [2m---[0;39m [2m[  restartedMain][0;39m [36mo.s.b.w.embedded.tomcat.TomcatWebServer [0;39m [2m:[0;39m Tomcat started on port(s): 8080 (http) with context path ''
[2m2023-05-13 23:45:24.795[0;39m [32m INFO[0;39m [35m8544[0;39m [2m---[0;39m [2m[  restartedMain][0;39m [36mc.t.b.BankingApplication                [0;39m [2m:[0;39m Started BankingApplication in 4.778 seconds (process running for 5.683)
[2m2023-05-13 23:45:28.093[0;39m [32m INFO[0;39m [35m8544[0;39m [2m---[0;39m [2m[nio-8080-exec-2][0;39m [36mo.a.c.c.C.[Tomcat].[localhost].[/]      [0;39m [2m:[0;39m Initializing Spring DispatcherServlet 'dispatcherServlet'
[2m2023-05-13 23:45:28.094[0;39m [32m INFO[0;39m [35m8544[0;39m [2m---[0;39m [2m[nio-8080-exec-2][0;39m [36mo.s.web.servlet.DispatcherServlet       [0;39m [2m:[0;39m Initializing Servlet 'dispatcherServlet'
[2m2023-05-13 23:45:28.095[0;39m [32m INFO[0;39m [35m8544[0;39m [2m---[0;39m [2m[nio-8080-exec-2][0;39m [36mo.s.web.servlet.DispatcherServlet       [0;39m [2m:[0;39m Completed initialization in 1 ms
[2m2023-05-13 23:45:28.228[0;39m [32m INFO[0;39m [35m8544[0;39m [2m---[0;39m [2m[nio-8080-exec-2][0;39m [36mc.t.b.controller.TransactionController  [0;39m [2m:[0;39m calling transaction/transfer: 168400352822683760438
[2m2023-05-13 23:45:28.457[0;39m [32m INFO[0;39m [35m8544[0;39m [2m---[0;39m [2m[nio-8080-exec-2][0;39m [36mc.t.b.s.impl.TransactionServiceImpl     [0;39m [2m:[0;39m calling transfer service complete: 168400352822683760438
